<?xml version="1.0" encoding="UTF-8"?>
<!-- Generated by org.testng.reporters.JUnitXMLReporter -->
<testsuite ignored="0" hostname="DESKTOP-FGIMT1D" failures="0" tests="6" name="Default test" time="1.022" errors="0" timestamp="2025-06-25T16:24:47 IST">
  <testcase classname="com.datadriventesting.MyDataDrivenTest" name="verifyIfProductIsDeliverableInArea" time="0.01"/>
  <testcase classname="com.datadriventesting.MyDataDrivenTest" name="verifyIfProductIsDeliverableInArea" time="0.002"/>
  <testcase classname="com.datadriventesting.MyDataDrivenTest" name="verifyIfProductIsDeliverableInArea" time="0.002"/>
  <testcase classname="com.datadriventesting.MyDataDrivenTest" name="verifyIfProductIsDeliverableInArea" time="0.003"/>
  <testcase classname="com.datadriventesting.MyDataDrivenTest" name="verifyIfProductIsDeliverableInArea" time="0.001"/>
  <testcase classname="com.datadriventesting.MyDataDrivenTest" name="verifyIfProductIsDeliverableInArea" time="0.002"/>
</testsuite> <!-- Default test -->
