<?xml version="1.0" encoding="UTF-8"?>
<testng-results ignored="0" total="6" passed="6" failed="0" skipped="0">
  <reporter-output>
  </reporter-output>
  <suite started-at="2025-06-25T16:24:46 IST" name="Default suite" finished-at="2025-06-25T16:24:47 IST" duration-ms="1022">
    <groups>
    </groups>
    <test started-at="2025-06-25T16:24:46 IST" name="Default test" finished-at="2025-06-25T16:24:47 IST" duration-ms="1022">
      <class name="com.datadriventesting.MyDataDrivenTest">
        <test-method signature="verifyIfProductIsDeliverableInArea(int)[pri:0, instance:com.datadriventesting.MyDataDrivenTest@130d63be]" started-at="2025-06-25T16:24:47 IST" name="verifyIfProductIsDeliverableInArea" data-provider="Data" finished-at="2025-06-25T16:24:47 IST" duration-ms="10" status="PASS">
          <params>
            <param index="0">
              <value>
                <![CDATA[411065]]>
              </value>
            </param>
          </params>
          <reporter-output>
          </reporter-output>
        </test-method> <!-- verifyIfProductIsDeliverableInArea -->
        <test-method signature="verifyIfProductIsDeliverableInArea(int)[pri:0, instance:com.datadriventesting.MyDataDrivenTest@130d63be]" started-at="2025-06-25T16:24:47 IST" name="verifyIfProductIsDeliverableInArea" data-provider="Data" finished-at="2025-06-25T16:24:47 IST" duration-ms="2" status="PASS">
          <params>
            <param index="0">
              <value>
                <![CDATA[411027]]>
              </value>
            </param>
          </params>
          <reporter-output>
          </reporter-output>
        </test-method> <!-- verifyIfProductIsDeliverableInArea -->
        <test-method signature="verifyIfProductIsDeliverableInArea(int)[pri:0, instance:com.datadriventesting.MyDataDrivenTest@130d63be]" started-at="2025-06-25T16:24:47 IST" name="verifyIfProductIsDeliverableInArea" data-provider="Data" finished-at="2025-06-25T16:24:47 IST" duration-ms="2" status="PASS">
          <params>
            <param index="0">
              <value>
                <![CDATA[411033]]>
              </value>
            </param>
          </params>
          <reporter-output>
          </reporter-output>
        </test-method> <!-- verifyIfProductIsDeliverableInArea -->
        <test-method signature="verifyIfProductIsDeliverableInArea(int)[pri:0, instance:com.datadriventesting.MyDataDrivenTest@130d63be]" started-at="2025-06-25T16:24:47 IST" name="verifyIfProductIsDeliverableInArea" data-provider="Data" finished-at="2025-06-25T16:24:47 IST" duration-ms="3" status="PASS">
          <params>
            <param index="0">
              <value>
                <![CDATA[411033]]>
              </value>
            </param>
          </params>
          <reporter-output>
          </reporter-output>
        </test-method> <!-- verifyIfProductIsDeliverableInArea -->
        <test-method signature="verifyIfProductIsDeliverableInArea(int)[pri:0, instance:com.datadriventesting.MyDataDrivenTest@130d63be]" started-at="2025-06-25T16:24:47 IST" name="verifyIfProductIsDeliverableInArea" data-provider="Data" finished-at="2025-06-25T16:24:47 IST" duration-ms="1" status="PASS">
          <params>
            <param index="0">
              <value>
                <![CDATA[411034]]>
              </value>
            </param>
          </params>
          <reporter-output>
          </reporter-output>
        </test-method> <!-- verifyIfProductIsDeliverableInArea -->
        <test-method signature="verifyIfProductIsDeliverableInArea(int)[pri:0, instance:com.datadriventesting.MyDataDrivenTest@130d63be]" started-at="2025-06-25T16:24:47 IST" name="verifyIfProductIsDeliverableInArea" data-provider="Data" finished-at="2025-06-25T16:24:47 IST" duration-ms="2" status="PASS">
          <params>
            <param index="0">
              <value>
                <![CDATA[411007]]>
              </value>
            </param>
          </params>
          <reporter-output>
          </reporter-output>
        </test-method> <!-- verifyIfProductIsDeliverableInArea -->
      </class> <!-- com.datadriventesting.MyDataDrivenTest -->
    </test> <!-- Default test -->
  </suite> <!-- Default suite -->
</testng-results>
